2025-05-03 07:27:14,899 INFO o.h.v.i.u.Version [background-preinit] HV000001: Hibernate Validator 8.0.1.Final
2025-05-03 07:27:14,924 INFO o.s.b.StartupInfoLogger [restartedMain] Starting LoginApplication using Java 21.0.7 with PID 13960 (C:\Users\JAM\OneDrive\Desktop\examcell\ExamCell\Backend\target\classes started by JAM in C:\Users\JAM\OneDrive\Desktop\examcell\ExamCell\Backend)
2025-05-03 07:27:14,929 INFO o.s.b.SpringApplication [restartedMain] No active profile set, falling back to 1 default profile: "default"
2025-05-03 07:27:14,971 INFO o.s.b.l.DeferredLog [restartedMain] Devtools property defaults active! Set 'spring.devtools.add-properties' to 'false' to disable
2025-05-03 07:27:14,971 INFO o.s.b.l.DeferredLog [restartedMain] For additional web related logging consider setting the 'logging.level.web' property to 'DEBUG'
2025-05-03 07:27:15,833 INFO o.s.d.r.c.RepositoryConfigurationDelegate [restartedMain] Bootstrapping Spring Data JPA repositories in DEFAULT mode.
2025-05-03 07:27:15,897 INFO o.s.d.r.c.RepositoryConfigurationDelegate [restartedMain] Finished Spring Data repository scanning in 45 ms. Found 2 JPA repository interfaces.
2025-05-03 07:27:16,758 INFO o.s.b.w.e.t.TomcatWebServer [restartedMain] Tomcat initialized with port 8080 (http)
2025-05-03 07:27:16,779 INFO o.a.j.l.DirectJDKLog [restartedMain] Initializing ProtocolHandler ["http-nio-8080"]
2025-05-03 07:27:16,782 INFO o.a.j.l.DirectJDKLog [restartedMain] Starting service [Tomcat]
2025-05-03 07:27:16,782 INFO o.a.j.l.DirectJDKLog [restartedMain] Starting Servlet engine: [Apache Tomcat/10.1.19]
2025-05-03 07:27:16,838 INFO o.a.j.l.DirectJDKLog [restartedMain] Initializing Spring embedded WebApplicationContext
2025-05-03 07:27:16,843 INFO o.s.b.w.s.c.ServletWebServerApplicationContext [restartedMain] Root WebApplicationContext: initialization completed in 1847 ms
2025-05-03 07:27:17,036 INFO o.a.j.l.DirectJDKLog [restartedMain] Stopping service [Tomcat]
2025-05-03 07:27:17,052 INFO o.s.b.a.l.ConditionEvaluationReportLogger [restartedMain] 

Error starting ApplicationContext. To display the condition evaluation report re-run your application with 'debug' enabled.
2025-05-03 07:27:42,437 INFO o.h.v.i.u.Version [background-preinit] HV000001: Hibernate Validator 8.0.1.Final
2025-05-03 07:27:42,478 INFO o.s.b.StartupInfoLogger [restartedMain] Starting LoginApplication using Java 21.0.7 with PID 19696 (C:\Users\JAM\OneDrive\Desktop\examcell\ExamCell\Backend\target\classes started by JAM in C:\Users\JAM\OneDrive\Desktop\examcell\ExamCell\Backend)
2025-05-03 07:27:42,478 INFO o.s.b.SpringApplication [restartedMain] No active profile set, falling back to 1 default profile: "default"
2025-05-03 07:27:42,519 INFO o.s.b.l.DeferredLog [restartedMain] Devtools property defaults active! Set 'spring.devtools.add-properties' to 'false' to disable
2025-05-03 07:27:42,520 INFO o.s.b.l.DeferredLog [restartedMain] For additional web related logging consider setting the 'logging.level.web' property to 'DEBUG'
2025-05-03 07:27:43,287 INFO o.s.d.r.c.RepositoryConfigurationDelegate [restartedMain] Bootstrapping Spring Data JPA repositories in DEFAULT mode.
2025-05-03 07:27:43,355 INFO o.s.d.r.c.RepositoryConfigurationDelegate [restartedMain] Finished Spring Data repository scanning in 56 ms. Found 2 JPA repository interfaces.
2025-05-03 07:27:44,230 INFO o.s.b.w.e.t.TomcatWebServer [restartedMain] Tomcat initialized with port 8080 (http)
2025-05-03 07:27:44,232 INFO o.a.j.l.DirectJDKLog [restartedMain] Initializing ProtocolHandler ["http-nio-8080"]
2025-05-03 07:27:44,232 INFO o.a.j.l.DirectJDKLog [restartedMain] Starting service [Tomcat]
2025-05-03 07:27:44,232 INFO o.a.j.l.DirectJDKLog [restartedMain] Starting Servlet engine: [Apache Tomcat/10.1.19]
2025-05-03 07:27:44,299 INFO o.a.j.l.DirectJDKLog [restartedMain] Initializing Spring embedded WebApplicationContext
2025-05-03 07:27:44,299 INFO o.s.b.w.s.c.ServletWebServerApplicationContext [restartedMain] Root WebApplicationContext: initialization completed in 1778 ms
2025-05-03 07:27:44,516 INFO o.a.j.l.DirectJDKLog [restartedMain] Stopping service [Tomcat]
2025-05-03 07:27:44,535 INFO o.s.b.a.l.ConditionEvaluationReportLogger [restartedMain] 

Error starting ApplicationContext. To display the condition evaluation report re-run your application with 'debug' enabled.
2025-05-03 07:28:13,655 INFO o.s.b.StartupInfoLogger [restartedMain] Starting LoginApplication using Java 21.0.7 with PID 22108 (C:\Users\JAM\OneDrive\Desktop\examcell\ExamCell\Backend\target\classes started by JAM in C:\Users\JAM\OneDrive\Desktop\examcell\ExamCell\Backend)
2025-05-03 07:28:13,658 INFO o.s.b.SpringApplication [restartedMain] No active profile set, falling back to 1 default profile: "default"
2025-05-03 07:28:13,692 INFO o.s.b.l.DeferredLog [restartedMain] Devtools property defaults active! Set 'spring.devtools.add-properties' to 'false' to disable
2025-05-03 07:28:13,693 INFO o.s.b.l.DeferredLog [restartedMain] For additional web related logging consider setting the 'logging.level.web' property to 'DEBUG'
2025-05-03 07:28:14,500 INFO o.s.d.r.c.RepositoryConfigurationDelegate [restartedMain] Bootstrapping Spring Data JPA repositories in DEFAULT mode.
2025-05-03 07:28:14,549 INFO o.s.d.r.c.RepositoryConfigurationDelegate [restartedMain] Finished Spring Data repository scanning in 46 ms. Found 2 JPA repository interfaces.
2025-05-03 07:28:15,319 INFO o.s.b.w.e.t.TomcatWebServer [restartedMain] Tomcat initialized with port 8080 (http)
2025-05-03 07:28:15,336 INFO o.a.j.l.DirectJDKLog [restartedMain] Initializing ProtocolHandler ["http-nio-8080"]
2025-05-03 07:28:15,336 INFO o.a.j.l.DirectJDKLog [restartedMain] Starting service [Tomcat]
2025-05-03 07:28:15,336 INFO o.a.j.l.DirectJDKLog [restartedMain] Starting Servlet engine: [Apache Tomcat/10.1.19]
2025-05-03 07:28:15,393 INFO o.a.j.l.DirectJDKLog [restartedMain] Initializing Spring embedded WebApplicationContext
2025-05-03 07:28:15,401 INFO o.s.b.w.s.c.ServletWebServerApplicationContext [restartedMain] Root WebApplicationContext: initialization completed in 1699 ms
2025-05-03 07:28:15,601 INFO c.z.h.HikariDataSource [restartedMain] HikariPool-1 - Starting...
2025-05-03 07:28:17,392 INFO o.s.o.j.p.SpringPersistenceUnitInfo [restartedMain] No LoadTimeWeaver setup: ignoring JPA class transformer
2025-05-03 07:28:17,414 INFO c.z.h.HikariDataSource [restartedMain] HikariPool-1 - Starting...
2025-05-03 07:28:19,441 INFO c.z.h.HikariDataSource [restartedMain] HikariPool-1 - Starting...
2025-05-03 07:28:20,486 INFO o.a.j.l.DirectJDKLog [restartedMain] Stopping service [Tomcat]
2025-05-03 07:28:20,504 INFO o.s.b.a.l.ConditionEvaluationReportLogger [restartedMain] 

Error starting ApplicationContext. To display the condition evaluation report re-run your application with 'debug' enabled.
2025-05-03 07:28:55,825 INFO o.s.b.StartupInfoLogger [restartedMain] Starting LoginApplication using Java 21.0.7 with PID 20360 (C:\Users\JAM\OneDrive\Desktop\examcell\ExamCell\Backend\target\classes started by JAM in C:\Users\JAM\OneDrive\Desktop\examcell\ExamCell\Backend)
2025-05-03 07:28:55,827 INFO o.s.b.SpringApplication [restartedMain] No active profile set, falling back to 1 default profile: "default"
2025-05-03 07:28:55,872 INFO o.s.b.l.DeferredLog [restartedMain] Devtools property defaults active! Set 'spring.devtools.add-properties' to 'false' to disable
2025-05-03 07:28:55,872 INFO o.s.b.l.DeferredLog [restartedMain] For additional web related logging consider setting the 'logging.level.web' property to 'DEBUG'
2025-05-03 07:28:56,630 INFO o.s.d.r.c.RepositoryConfigurationDelegate [restartedMain] Bootstrapping Spring Data JPA repositories in DEFAULT mode.
2025-05-03 07:28:56,686 INFO o.s.d.r.c.RepositoryConfigurationDelegate [restartedMain] Finished Spring Data repository scanning in 47 ms. Found 2 JPA repository interfaces.
2025-05-03 07:28:57,525 INFO o.s.b.w.e.t.TomcatWebServer [restartedMain] Tomcat initialized with port 8080 (http)
2025-05-03 07:28:57,534 INFO o.a.j.l.DirectJDKLog [restartedMain] Initializing ProtocolHandler ["http-nio-8080"]
2025-05-03 07:28:57,535 INFO o.a.j.l.DirectJDKLog [restartedMain] Starting service [Tomcat]
2025-05-03 07:28:57,535 INFO o.a.j.l.DirectJDKLog [restartedMain] Starting Servlet engine: [Apache Tomcat/10.1.19]
2025-05-03 07:28:57,580 INFO o.a.j.l.DirectJDKLog [restartedMain] Initializing Spring embedded WebApplicationContext
2025-05-03 07:28:57,580 INFO o.s.b.w.s.c.ServletWebServerApplicationContext [restartedMain] Root WebApplicationContext: initialization completed in 1706 ms
2025-05-03 07:28:57,768 INFO c.z.h.HikariDataSource [restartedMain] HikariPool-1 - Starting...
2025-05-03 07:28:59,535 INFO o.s.o.j.p.SpringPersistenceUnitInfo [restartedMain] No LoadTimeWeaver setup: ignoring JPA class transformer
2025-05-03 07:28:59,559 INFO c.z.h.HikariDataSource [restartedMain] HikariPool-1 - Starting...
2025-05-03 07:29:01,569 INFO c.z.h.HikariDataSource [restartedMain] HikariPool-1 - Starting...
2025-05-03 07:29:02,626 INFO o.a.j.l.DirectJDKLog [restartedMain] Stopping service [Tomcat]
2025-05-03 07:29:02,637 INFO o.s.b.a.l.ConditionEvaluationReportLogger [restartedMain] 

Error starting ApplicationContext. To display the condition evaluation report re-run your application with 'debug' enabled.
2025-05-03 07:29:44,502 INFO o.s.b.StartupInfoLogger [restartedMain] Starting LoginApplication using Java 21.0.7 with PID 16244 (C:\Users\JAM\OneDrive\Desktop\examcell\ExamCell\Backend\target\classes started by JAM in C:\Users\JAM\OneDrive\Desktop\examcell\ExamCell\Backend)
2025-05-03 07:29:44,502 INFO o.s.b.SpringApplication [restartedMain] No active profile set, falling back to 1 default profile: "default"
2025-05-03 07:29:44,538 INFO o.s.b.l.DeferredLog [restartedMain] Devtools property defaults active! Set 'spring.devtools.add-properties' to 'false' to disable
2025-05-03 07:29:44,538 INFO o.s.b.l.DeferredLog [restartedMain] For additional web related logging consider setting the 'logging.level.web' property to 'DEBUG'
2025-05-03 07:29:45,321 INFO o.s.d.r.c.RepositoryConfigurationDelegate [restartedMain] Bootstrapping Spring Data JPA repositories in DEFAULT mode.
2025-05-03 07:29:45,384 INFO o.s.d.r.c.RepositoryConfigurationDelegate [restartedMain] Finished Spring Data repository scanning in 47 ms. Found 2 JPA repository interfaces.
2025-05-03 07:29:46,187 INFO o.s.b.w.e.t.TomcatWebServer [restartedMain] Tomcat initialized with port 8080 (http)
2025-05-03 07:29:46,203 INFO o.a.j.l.DirectJDKLog [restartedMain] Initializing ProtocolHandler ["http-nio-8080"]
2025-05-03 07:29:46,203 INFO o.a.j.l.DirectJDKLog [restartedMain] Starting service [Tomcat]
2025-05-03 07:29:46,203 INFO o.a.j.l.DirectJDKLog [restartedMain] Starting Servlet engine: [Apache Tomcat/10.1.19]
2025-05-03 07:29:46,253 INFO o.a.j.l.DirectJDKLog [restartedMain] Initializing Spring embedded WebApplicationContext
2025-05-03 07:29:46,253 INFO o.s.b.w.s.c.ServletWebServerApplicationContext [restartedMain] Root WebApplicationContext: initialization completed in 1715 ms
2025-05-03 07:29:46,348 INFO c.z.h.HikariDataSource [restartedMain] HikariPool-1 - Starting...
2025-05-03 07:29:46,475 INFO c.z.h.p.HikariPool [restartedMain] HikariPool-1 - Added connection conn0: url=jdbc:h2:mem:examcell user=SA
2025-05-03 07:29:46,475 INFO c.z.h.HikariDataSource [restartedMain] HikariPool-1 - Start completed.
2025-05-03 07:29:46,491 INFO o.s.b.a.h.H2ConsoleAutoConfiguration [restartedMain] H2 console available at '/h2-console'. Database available at 'jdbc:h2:mem:examcell'
2025-05-03 07:29:46,882 INFO o.s.o.j.p.SpringPersistenceUnitInfo [restartedMain] No LoadTimeWeaver setup: ignoring JPA class transformer
2025-05-03 07:29:47,594 INFO o.s.o.j.AbstractEntityManagerFactoryBean [restartedMain] Initialized JPA EntityManagerFactory for persistence unit 'default'
2025-05-03 07:29:47,818 INFO o.s.d.j.r.q.QueryEnhancerFactory [restartedMain] Hibernate is in classpath; If applicable, HQL parser will be used.
2025-05-03 07:29:48,591 INFO o.s.b.a.e.w.EndpointLinksResolver [restartedMain] Exposing 1 endpoint(s) beneath base path '/actuator'
2025-05-03 07:29:48,638 INFO o.s.s.w.DefaultSecurityFilterChain [restartedMain] Will secure any request with [org.springframework.security.web.session.DisableEncodeUrlFilter@3cd877ea, org.springframework.security.web.context.request.async.WebAsyncManagerIntegrationFilter@36554a44, org.springframework.security.web.context.SecurityContextHolderFilter@aa1e615, org.springframework.security.web.header.HeaderWriterFilter@4c8f207e, org.springframework.web.filter.CorsFilter@376bbca5, org.springframework.security.web.authentication.logout.LogoutFilter@604b3db5, org.springframework.security.web.savedrequest.RequestCacheAwareFilter@16402584, org.springframework.security.web.servletapi.SecurityContextHolderAwareRequestFilter@22492597, org.springframework.security.web.authentication.AnonymousAuthenticationFilter@1f6ddcd, org.springframework.security.web.access.ExceptionTranslationFilter@47d43cba, org.springframework.security.web.access.intercept.AuthorizationFilter@1b8ba399]
2025-05-03 07:29:48,942 INFO o.s.b.d.a.OptionalLiveReloadServer [restartedMain] LiveReload server is running on port 35729
2025-05-03 07:29:48,982 INFO o.a.j.l.DirectJDKLog [restartedMain] Starting ProtocolHandler ["http-nio-8080"]
2025-05-03 07:29:49,003 INFO o.s.b.w.e.t.TomcatWebServer [restartedMain] Tomcat started on port 8080 (http) with context path ''
2025-05-03 07:29:49,019 INFO o.s.b.StartupInfoLogger [restartedMain] Started LoginApplication in 5.007 seconds (process running for 5.415)
2025-05-03 07:35:23,347 INFO o.s.b.d.a.LocalDevToolsAutoConfiguration$RestartingClassPathChangeChangedEventListener [File Watcher] Restarting due to 1 class path change (0 additions, 0 deletions, 1 modification)
2025-05-03 07:35:23,359 INFO o.a.j.l.DirectJDKLog [Thread-5] Stopping ProtocolHandler ["http-nio-8080"]
2025-05-03 07:35:23,374 INFO o.s.o.j.AbstractEntityManagerFactoryBean [Thread-5] Closing JPA EntityManagerFactory for persistence unit 'default'
2025-05-03 07:35:23,386 INFO c.z.h.HikariDataSource [Thread-5] HikariPool-1 - Shutdown initiated...
2025-05-03 07:35:23,387 INFO c.z.h.HikariDataSource [Thread-5] HikariPool-1 - Shutdown completed.
2025-05-03 07:35:23,553 INFO o.s.b.StartupInfoLogger [restartedMain] Starting LoginApplication using Java 21.0.7 with PID 16244 (C:\Users\JAM\OneDrive\Desktop\examcell\ExamCell\Backend\target\classes started by JAM in C:\Users\JAM\OneDrive\Desktop\examcell\ExamCell\Backend)
2025-05-03 07:35:23,555 INFO o.s.b.SpringApplication [restartedMain] No active profile set, falling back to 1 default profile: "default"
2025-05-03 07:35:23,964 INFO o.s.d.r.c.RepositoryConfigurationDelegate [restartedMain] Bootstrapping Spring Data JPA repositories in DEFAULT mode.
2025-05-03 07:35:23,981 INFO o.s.d.r.c.RepositoryConfigurationDelegate [restartedMain] Finished Spring Data repository scanning in 16 ms. Found 2 JPA repository interfaces.
2025-05-03 07:35:24,175 INFO o.s.b.w.e.t.TomcatWebServer [restartedMain] Tomcat initialized with port 8080 (http)
2025-05-03 07:35:24,182 INFO o.a.j.l.DirectJDKLog [restartedMain] Initializing ProtocolHandler ["http-nio-8080"]
2025-05-03 07:35:24,183 INFO o.a.j.l.DirectJDKLog [restartedMain] Starting service [Tomcat]
2025-05-03 07:35:24,183 INFO o.a.j.l.DirectJDKLog [restartedMain] Starting Servlet engine: [Apache Tomcat/10.1.19]
2025-05-03 07:35:24,212 INFO o.a.j.l.DirectJDKLog [restartedMain] Initializing Spring embedded WebApplicationContext
2025-05-03 07:35:24,212 INFO o.s.b.w.s.c.ServletWebServerApplicationContext [restartedMain] Root WebApplicationContext: initialization completed in 656 ms
2025-05-03 07:35:24,276 INFO c.z.h.HikariDataSource [restartedMain] HikariPool-2 - Starting...
2025-05-03 07:35:24,282 INFO c.z.h.p.HikariPool [restartedMain] HikariPool-2 - Added connection conn10: url=jdbc:h2:mem:examcell user=SA
2025-05-03 07:35:24,283 INFO c.z.h.HikariDataSource [restartedMain] HikariPool-2 - Start completed.
2025-05-03 07:35:24,283 INFO o.s.b.a.h.H2ConsoleAutoConfiguration [restartedMain] H2 console available at '/h2-console'. Database available at 'jdbc:h2:mem:examcell'
2025-05-03 07:35:24,376 INFO o.s.o.j.p.SpringPersistenceUnitInfo [restartedMain] No LoadTimeWeaver setup: ignoring JPA class transformer
2025-05-03 07:35:24,434 INFO o.s.o.j.AbstractEntityManagerFactoryBean [restartedMain] Initialized JPA EntityManagerFactory for persistence unit 'default'
2025-05-03 07:35:24,881 INFO o.s.b.a.e.w.EndpointLinksResolver [restartedMain] Exposing 1 endpoint(s) beneath base path '/actuator'
2025-05-03 07:35:24,924 INFO o.s.s.w.DefaultSecurityFilterChain [restartedMain] Will secure any request with [org.springframework.security.web.session.DisableEncodeUrlFilter@34c5141b, org.springframework.security.web.context.request.async.WebAsyncManagerIntegrationFilter@7ad796d3, org.springframework.security.web.context.SecurityContextHolderFilter@1338fba3, org.springframework.security.web.header.HeaderWriterFilter@6d6a84, org.springframework.web.filter.CorsFilter@350ac5f9, org.springframework.security.web.authentication.logout.LogoutFilter@5424bc9f, org.springframework.security.web.savedrequest.RequestCacheAwareFilter@73cf00f8, org.springframework.security.web.servletapi.SecurityContextHolderAwareRequestFilter@6e7a5231, org.springframework.security.web.authentication.AnonymousAuthenticationFilter@f6ff04, org.springframework.security.web.access.ExceptionTranslationFilter@7f4cb0e2, org.springframework.security.web.access.intercept.AuthorizationFilter@2a9c8818]
2025-05-03 07:35:25,164 INFO o.s.b.d.a.OptionalLiveReloadServer [restartedMain] LiveReload server is running on port 35729
2025-05-03 07:35:25,194 INFO o.a.j.l.DirectJDKLog [restartedMain] Starting ProtocolHandler ["http-nio-8080"]
2025-05-03 07:35:25,195 INFO o.s.b.w.e.t.TomcatWebServer [restartedMain] Tomcat started on port 8080 (http) with context path ''
2025-05-03 07:35:25,195 INFO o.s.b.StartupInfoLogger [restartedMain] Started LoginApplication in 1.726 seconds (process running for 341.599)
2025-05-03 07:35:25,208 INFO o.s.b.d.a.ConditionEvaluationDeltaLoggingListener [restartedMain] Condition evaluation unchanged
2025-05-03 07:35:36,792 INFO o.s.b.d.a.LocalDevToolsAutoConfiguration$RestartingClassPathChangeChangedEventListener [File Watcher] Restarting due to 1 class path change (0 additions, 0 deletions, 1 modification)
2025-05-03 07:35:36,796 INFO o.a.j.l.DirectJDKLog [Thread-7] Stopping ProtocolHandler ["http-nio-8080"]
2025-05-03 07:35:36,801 INFO o.s.o.j.AbstractEntityManagerFactoryBean [Thread-7] Closing JPA EntityManagerFactory for persistence unit 'default'
2025-05-03 07:35:36,809 INFO c.z.h.HikariDataSource [Thread-7] HikariPool-2 - Shutdown initiated...
2025-05-03 07:35:36,810 INFO c.z.h.HikariDataSource [Thread-7] HikariPool-2 - Shutdown completed.
2025-05-03 07:35:36,963 INFO o.s.b.StartupInfoLogger [restartedMain] Starting LoginApplication using Java 21.0.7 with PID 16244 (C:\Users\JAM\OneDrive\Desktop\examcell\ExamCell\Backend\target\classes started by JAM in C:\Users\JAM\OneDrive\Desktop\examcell\ExamCell\Backend)
2025-05-03 07:35:36,963 INFO o.s.b.SpringApplication [restartedMain] No active profile set, falling back to 1 default profile: "default"
2025-05-03 07:35:37,417 INFO o.s.d.r.c.RepositoryConfigurationDelegate [restartedMain] Bootstrapping Spring Data JPA repositories in DEFAULT mode.
2025-05-03 07:35:37,436 INFO o.s.d.r.c.RepositoryConfigurationDelegate [restartedMain] Finished Spring Data repository scanning in 17 ms. Found 2 JPA repository interfaces.
2025-05-03 07:35:37,664 INFO o.s.b.w.e.t.TomcatWebServer [restartedMain] Tomcat initialized with port 8080 (http)
2025-05-03 07:35:37,665 INFO o.a.j.l.DirectJDKLog [restartedMain] Initializing ProtocolHandler ["http-nio-8080"]
2025-05-03 07:35:37,666 INFO o.a.j.l.DirectJDKLog [restartedMain] Starting service [Tomcat]
2025-05-03 07:35:37,666 INFO o.a.j.l.DirectJDKLog [restartedMain] Starting Servlet engine: [Apache Tomcat/10.1.19]
2025-05-03 07:35:37,692 INFO o.a.j.l.DirectJDKLog [restartedMain] Initializing Spring embedded WebApplicationContext
2025-05-03 07:35:37,692 INFO o.s.b.w.s.c.ServletWebServerApplicationContext [restartedMain] Root WebApplicationContext: initialization completed in 727 ms
2025-05-03 07:35:37,746 INFO c.z.h.HikariDataSource [restartedMain] HikariPool-3 - Starting...
2025-05-03 07:35:37,749 INFO c.z.h.p.HikariPool [restartedMain] HikariPool-3 - Added connection conn20: url=jdbc:h2:mem:examcell user=SA
2025-05-03 07:35:37,749 INFO c.z.h.HikariDataSource [restartedMain] HikariPool-3 - Start completed.
2025-05-03 07:35:37,749 INFO o.s.b.a.h.H2ConsoleAutoConfiguration [restartedMain] H2 console available at '/h2-console'. Database available at 'jdbc:h2:mem:examcell'
2025-05-03 07:35:37,825 INFO o.s.o.j.p.SpringPersistenceUnitInfo [restartedMain] No LoadTimeWeaver setup: ignoring JPA class transformer
2025-05-03 07:35:37,869 INFO o.s.o.j.AbstractEntityManagerFactoryBean [restartedMain] Initialized JPA EntityManagerFactory for persistence unit 'default'
2025-05-03 07:35:38,210 INFO o.s.b.a.e.w.EndpointLinksResolver [restartedMain] Exposing 1 endpoint(s) beneath base path '/actuator'
2025-05-03 07:35:38,233 INFO o.s.s.w.DefaultSecurityFilterChain [restartedMain] Will secure any request with [org.springframework.security.web.session.DisableEncodeUrlFilter@74d1ea9, org.springframework.security.web.context.request.async.WebAsyncManagerIntegrationFilter@3371a98f, org.springframework.security.web.context.SecurityContextHolderFilter@3ad56c43, org.springframework.security.web.header.HeaderWriterFilter@6d640a2b, org.springframework.web.filter.CorsFilter@210bcb51, org.springframework.security.web.authentication.logout.LogoutFilter@34d62f98, org.springframework.security.web.savedrequest.RequestCacheAwareFilter@6050964, org.springframework.security.web.servletapi.SecurityContextHolderAwareRequestFilter@3ff60bc8, org.springframework.security.web.authentication.AnonymousAuthenticationFilter@94e41d9, org.springframework.security.web.access.ExceptionTranslationFilter@7eef2577, org.springframework.security.web.access.intercept.AuthorizationFilter@977bff0]
2025-05-03 07:35:38,410 INFO o.s.b.d.a.OptionalLiveReloadServer [restartedMain] LiveReload server is running on port 35729
2025-05-03 07:35:38,426 INFO o.a.j.l.DirectJDKLog [restartedMain] Starting ProtocolHandler ["http-nio-8080"]
2025-05-03 07:35:38,430 INFO o.s.b.w.e.t.TomcatWebServer [restartedMain] Tomcat started on port 8080 (http) with context path ''
2025-05-03 07:35:38,432 INFO o.s.b.StartupInfoLogger [restartedMain] Started LoginApplication in 1.539 seconds (process running for 354.831)
2025-05-03 07:35:38,437 INFO o.s.b.d.a.ConditionEvaluationDeltaLoggingListener [restartedMain] Condition evaluation unchanged
2025-05-03 07:35:52,054 INFO o.s.b.d.a.LocalDevToolsAutoConfiguration$RestartingClassPathChangeChangedEventListener [File Watcher] Restarting due to 1 class path change (0 additions, 0 deletions, 1 modification)
2025-05-03 07:35:52,061 INFO o.a.j.l.DirectJDKLog [Thread-12] Stopping ProtocolHandler ["http-nio-8080"]
2025-05-03 07:35:52,071 INFO o.s.o.j.AbstractEntityManagerFactoryBean [Thread-12] Closing JPA EntityManagerFactory for persistence unit 'default'
2025-05-03 07:35:52,073 INFO c.z.h.HikariDataSource [Thread-12] HikariPool-3 - Shutdown initiated...
2025-05-03 07:35:52,075 INFO c.z.h.HikariDataSource [Thread-12] HikariPool-3 - Shutdown completed.
2025-05-03 07:35:52,228 INFO o.s.b.StartupInfoLogger [restartedMain] Starting LoginApplication using Java 21.0.7 with PID 16244 (C:\Users\JAM\OneDrive\Desktop\examcell\ExamCell\Backend\target\classes started by JAM in C:\Users\JAM\OneDrive\Desktop\examcell\ExamCell\Backend)
2025-05-03 07:35:52,231 INFO o.s.b.SpringApplication [restartedMain] No active profile set, falling back to 1 default profile: "default"
2025-05-03 07:35:52,592 INFO o.s.d.r.c.RepositoryConfigurationDelegate [restartedMain] Bootstrapping Spring Data JPA repositories in DEFAULT mode.
2025-05-03 07:35:52,600 INFO o.s.d.r.c.RepositoryConfigurationDelegate [restartedMain] Finished Spring Data repository scanning in 11 ms. Found 2 JPA repository interfaces.
2025-05-03 07:35:52,747 INFO o.s.b.w.e.t.TomcatWebServer [restartedMain] Tomcat initialized with port 8080 (http)
2025-05-03 07:35:52,747 INFO o.a.j.l.DirectJDKLog [restartedMain] Initializing ProtocolHandler ["http-nio-8080"]
2025-05-03 07:35:52,747 INFO o.a.j.l.DirectJDKLog [restartedMain] Starting service [Tomcat]
2025-05-03 07:35:52,747 INFO o.a.j.l.DirectJDKLog [restartedMain] Starting Servlet engine: [Apache Tomcat/10.1.19]
2025-05-03 07:35:52,779 INFO o.a.j.l.DirectJDKLog [restartedMain] Initializing Spring embedded WebApplicationContext
2025-05-03 07:35:52,779 INFO o.s.b.w.s.c.ServletWebServerApplicationContext [restartedMain] Root WebApplicationContext: initialization completed in 548 ms
2025-05-03 07:35:52,835 INFO c.z.h.HikariDataSource [restartedMain] HikariPool-4 - Starting...
2025-05-03 07:35:52,835 INFO c.z.h.p.HikariPool [restartedMain] HikariPool-4 - Added connection conn30: url=jdbc:h2:mem:examcell user=SA
2025-05-03 07:35:52,835 INFO c.z.h.HikariDataSource [restartedMain] HikariPool-4 - Start completed.
2025-05-03 07:35:52,841 INFO o.s.b.a.h.H2ConsoleAutoConfiguration [restartedMain] H2 console available at '/h2-console'. Database available at 'jdbc:h2:mem:examcell'
2025-05-03 07:35:52,908 INFO o.s.o.j.p.SpringPersistenceUnitInfo [restartedMain] No LoadTimeWeaver setup: ignoring JPA class transformer
2025-05-03 07:35:52,975 INFO o.s.o.j.AbstractEntityManagerFactoryBean [restartedMain] Initialized JPA EntityManagerFactory for persistence unit 'default'
2025-05-03 07:35:53,365 INFO o.s.b.a.e.w.EndpointLinksResolver [restartedMain] Exposing 1 endpoint(s) beneath base path '/actuator'
2025-05-03 07:35:53,394 INFO o.s.s.w.DefaultSecurityFilterChain [restartedMain] Will secure any request with [org.springframework.security.web.session.DisableEncodeUrlFilter@26378273, org.springframework.security.web.context.request.async.WebAsyncManagerIntegrationFilter@6becd085, org.springframework.security.web.context.SecurityContextHolderFilter@41f1fa08, org.springframework.security.web.header.HeaderWriterFilter@31978f68, org.springframework.web.filter.CorsFilter@317a3af, org.springframework.security.web.authentication.logout.LogoutFilter@e5cb7f1, org.springframework.security.web.savedrequest.RequestCacheAwareFilter@72b69aaf, org.springframework.security.web.servletapi.SecurityContextHolderAwareRequestFilter@3cfa88a6, org.springframework.security.web.authentication.AnonymousAuthenticationFilter@6221c1d2, org.springframework.security.web.access.ExceptionTranslationFilter@28cf6cfb, org.springframework.security.web.access.intercept.AuthorizationFilter@479140f0]
2025-05-03 07:35:53,623 INFO o.s.b.d.a.OptionalLiveReloadServer [restartedMain] LiveReload server is running on port 35729
2025-05-03 07:35:53,636 INFO o.a.j.l.DirectJDKLog [restartedMain] Starting ProtocolHandler ["http-nio-8080"]
2025-05-03 07:35:53,639 INFO o.s.b.w.e.t.TomcatWebServer [restartedMain] Tomcat started on port 8080 (http) with context path ''
2025-05-03 07:35:53,644 INFO o.s.b.StartupInfoLogger [restartedMain] Started LoginApplication in 1.486 seconds (process running for 370.04)
2025-05-03 07:35:53,644 INFO o.s.b.d.a.ConditionEvaluationDeltaLoggingListener [restartedMain] Condition evaluation unchanged
2025-05-03 07:37:16,757 INFO o.s.b.d.a.LocalDevToolsAutoConfiguration$RestartingClassPathChangeChangedEventListener [File Watcher] Restarting due to 1 class path change (0 additions, 1 deletion, 0 modifications)
2025-05-03 07:37:16,757 INFO o.a.j.l.DirectJDKLog [Thread-16] Stopping ProtocolHandler ["http-nio-8080"]
2025-05-03 07:37:16,767 INFO o.s.o.j.AbstractEntityManagerFactoryBean [Thread-16] Closing JPA EntityManagerFactory for persistence unit 'default'
2025-05-03 07:37:16,770 INFO c.z.h.HikariDataSource [Thread-16] HikariPool-4 - Shutdown initiated...
2025-05-03 07:37:16,772 INFO c.z.h.HikariDataSource [Thread-16] HikariPool-4 - Shutdown completed.
2025-05-03 07:37:16,877 INFO o.s.b.StartupInfoLogger [restartedMain] Starting LoginApplication using Java 21.0.7 with PID 16244 (C:\Users\JAM\OneDrive\Desktop\examcell\ExamCell\Backend\target\classes started by JAM in C:\Users\JAM\OneDrive\Desktop\examcell\ExamCell\Backend)
2025-05-03 07:37:16,877 INFO o.s.b.SpringApplication [restartedMain] No active profile set, falling back to 1 default profile: "default"
2025-05-03 07:37:17,163 INFO o.s.d.r.c.RepositoryConfigurationDelegate [restartedMain] Bootstrapping Spring Data JPA repositories in DEFAULT mode.
2025-05-03 07:37:17,177 INFO o.s.d.r.c.RepositoryConfigurationDelegate [restartedMain] Finished Spring Data repository scanning in 12 ms. Found 2 JPA repository interfaces.
2025-05-03 07:37:17,333 INFO o.s.b.w.e.t.TomcatWebServer [restartedMain] Tomcat initialized with port 8080 (http)
2025-05-03 07:37:17,333 INFO o.a.j.l.DirectJDKLog [restartedMain] Initializing ProtocolHandler ["http-nio-8080"]
2025-05-03 07:37:17,335 INFO o.a.j.l.DirectJDKLog [restartedMain] Starting service [Tomcat]
2025-05-03 07:37:17,335 INFO o.a.j.l.DirectJDKLog [restartedMain] Starting Servlet engine: [Apache Tomcat/10.1.19]
2025-05-03 07:37:17,358 INFO o.a.j.l.DirectJDKLog [restartedMain] Initializing Spring embedded WebApplicationContext
2025-05-03 07:37:17,358 INFO o.s.b.w.s.c.ServletWebServerApplicationContext [restartedMain] Root WebApplicationContext: initialization completed in 476 ms
2025-05-03 07:37:17,414 INFO c.z.h.HikariDataSource [restartedMain] HikariPool-5 - Starting...
2025-05-03 07:37:17,417 INFO c.z.h.p.HikariPool [restartedMain] HikariPool-5 - Added connection conn40: url=jdbc:h2:mem:012f645a-08c5-4e54-a535-9e474fb3be65 user=SA
2025-05-03 07:37:17,418 INFO c.z.h.HikariDataSource [restartedMain] HikariPool-5 - Start completed.
2025-05-03 07:37:17,418 INFO o.s.b.a.h.H2ConsoleAutoConfiguration [restartedMain] H2 console available at '/h2-console'. Database available at 'jdbc:h2:mem:012f645a-08c5-4e54-a535-9e474fb3be65'
2025-05-03 07:37:17,492 INFO o.h.j.i.u.LogHelper [restartedMain] HHH000204: Processing PersistenceUnitInfo [name: default]
2025-05-03 07:37:17,497 INFO o.h.c.i.RegionFactoryInitiator [restartedMain] HHH000026: Second-level cache disabled
2025-05-03 07:37:17,499 INFO o.s.o.j.p.SpringPersistenceUnitInfo [restartedMain] No LoadTimeWeaver setup: ignoring JPA class transformer
2025-05-03 07:37:17,562 INFO o.h.e.t.j.p.i.JtaPlatformInitiator [restartedMain] HHH000489: No JTA platform available (set 'hibernate.transaction.jta.platform' to enable JTA platform integration)
2025-05-03 07:37:17,571 INFO o.s.o.j.AbstractEntityManagerFactoryBean [restartedMain] Initialized JPA EntityManagerFactory for persistence unit 'default'
2025-05-03 07:37:17,701 INFO o.s.o.j.AbstractEntityManagerFactoryBean [restartedMain] Closing JPA EntityManagerFactory for persistence unit 'default'
2025-05-03 07:37:17,705 INFO c.z.h.HikariDataSource [restartedMain] HikariPool-5 - Shutdown initiated...
2025-05-03 07:37:17,709 INFO c.z.h.HikariDataSource [restartedMain] HikariPool-5 - Shutdown completed.
2025-05-03 07:37:17,709 INFO o.a.j.l.DirectJDKLog [restartedMain] Stopping service [Tomcat]
2025-05-03 07:37:17,714 INFO o.s.b.a.l.ConditionEvaluationReportLogger [restartedMain] 

Error starting ApplicationContext. To display the condition evaluation report re-run your application with 'debug' enabled.
2025-05-03 07:37:51,922 INFO o.s.b.StartupInfoLogger [restartedMain] Starting LoginApplication using Java 21.0.7 with PID 16244 (C:\Users\JAM\OneDrive\Desktop\examcell\ExamCell\Backend\target\classes started by JAM in C:\Users\JAM\OneDrive\Desktop\examcell\ExamCell\Backend)
2025-05-03 07:37:51,922 INFO o.s.b.SpringApplication [restartedMain] No active profile set, falling back to 1 default profile: "default"
2025-05-03 07:37:52,267 INFO o.s.d.r.c.RepositoryConfigurationDelegate [restartedMain] Bootstrapping Spring Data JPA repositories in DEFAULT mode.
2025-05-03 07:37:52,282 INFO o.s.d.r.c.RepositoryConfigurationDelegate [restartedMain] Finished Spring Data repository scanning in 10 ms. Found 2 JPA repository interfaces.
2025-05-03 07:37:52,417 INFO o.s.b.w.e.t.TomcatWebServer [restartedMain] Tomcat initialized with port 8080 (http)
2025-05-03 07:37:52,419 INFO o.a.j.l.DirectJDKLog [restartedMain] Initializing ProtocolHandler ["http-nio-8080"]
2025-05-03 07:37:52,421 INFO o.a.j.l.DirectJDKLog [restartedMain] Starting service [Tomcat]
2025-05-03 07:37:52,421 INFO o.a.j.l.DirectJDKLog [restartedMain] Starting Servlet engine: [Apache Tomcat/10.1.19]
2025-05-03 07:37:52,449 INFO o.a.j.l.DirectJDKLog [restartedMain] Initializing Spring embedded WebApplicationContext
2025-05-03 07:37:52,449 INFO o.s.b.w.s.c.ServletWebServerApplicationContext [restartedMain] Root WebApplicationContext: initialization completed in 523 ms
2025-05-03 07:37:52,498 INFO c.z.h.HikariDataSource [restartedMain] HikariPool-6 - Starting...
2025-05-03 07:37:52,500 INFO c.z.h.p.HikariPool [restartedMain] HikariPool-6 - Added connection conn50: url=jdbc:h2:mem:0901122e-5cd2-43bd-9446-737d87be0b7f user=SA
2025-05-03 07:37:52,500 INFO c.z.h.HikariDataSource [restartedMain] HikariPool-6 - Start completed.
2025-05-03 07:37:52,500 INFO o.s.b.a.h.H2ConsoleAutoConfiguration [restartedMain] H2 console available at '/h2-console'. Database available at 'jdbc:h2:mem:0901122e-5cd2-43bd-9446-737d87be0b7f'
2025-05-03 07:37:52,537 INFO o.a.j.l.DirectJDKLog [restartedMain] Stopping service [Tomcat]
2025-05-03 07:37:52,537 INFO c.z.h.HikariDataSource [restartedMain] HikariPool-6 - Shutdown initiated...
2025-05-03 07:37:52,537 INFO c.z.h.HikariDataSource [restartedMain] HikariPool-6 - Shutdown completed.
2025-05-03 07:37:52,547 INFO o.s.b.a.l.ConditionEvaluationReportLogger [restartedMain] 

Error starting ApplicationContext. To display the condition evaluation report re-run your application with 'debug' enabled.
2025-05-03 07:38:16,458 INFO o.s.b.StartupInfoLogger [restartedMain] Starting LoginApplication using Java 21.0.7 with PID 16244 (C:\Users\JAM\OneDrive\Desktop\examcell\ExamCell\Backend\target\classes started by JAM in C:\Users\JAM\OneDrive\Desktop\examcell\ExamCell\Backend)
2025-05-03 07:38:16,458 INFO o.s.b.SpringApplication [restartedMain] No active profile set, falling back to 1 default profile: "default"
2025-05-03 07:38:16,799 INFO o.s.d.r.c.RepositoryConfigurationDelegate [restartedMain] Bootstrapping Spring Data JPA repositories in DEFAULT mode.
2025-05-03 07:38:16,799 INFO o.s.d.r.c.RepositoryConfigurationDelegate [restartedMain] Finished Spring Data repository scanning in 11 ms. Found 2 JPA repository interfaces.
2025-05-03 07:38:16,958 INFO o.s.b.w.e.t.TomcatWebServer [restartedMain] Tomcat initialized with port 8080 (http)
2025-05-03 07:38:16,964 INFO o.a.j.l.DirectJDKLog [restartedMain] Initializing ProtocolHandler ["http-nio-8080"]
2025-05-03 07:38:16,964 INFO o.a.j.l.DirectJDKLog [restartedMain] Starting service [Tomcat]
2025-05-03 07:38:16,964 INFO o.a.j.l.DirectJDKLog [restartedMain] Starting Servlet engine: [Apache Tomcat/10.1.19]
2025-05-03 07:38:16,986 INFO o.a.j.l.DirectJDKLog [restartedMain] Initializing Spring embedded WebApplicationContext
2025-05-03 07:38:16,986 INFO o.s.b.w.s.c.ServletWebServerApplicationContext [restartedMain] Root WebApplicationContext: initialization completed in 526 ms
2025-05-03 07:38:17,068 INFO c.z.h.HikariDataSource [restartedMain] HikariPool-7 - Starting...
2025-05-03 07:38:17,068 INFO c.z.h.p.HikariPool [restartedMain] HikariPool-7 - Added connection conn51: url=jdbc:h2:mem:7f1dfaff-0a81-43f6-a1a3-53a2c1309d95 user=SA
2025-05-03 07:38:17,068 INFO c.z.h.HikariDataSource [restartedMain] HikariPool-7 - Start completed.
2025-05-03 07:38:17,068 INFO o.s.b.a.h.H2ConsoleAutoConfiguration [restartedMain] H2 console available at '/h2-console'. Database available at 'jdbc:h2:mem:7f1dfaff-0a81-43f6-a1a3-53a2c1309d95'
2025-05-03 07:38:17,100 INFO o.a.j.l.DirectJDKLog [restartedMain] Stopping service [Tomcat]
2025-05-03 07:38:17,100 INFO c.z.h.HikariDataSource [restartedMain] HikariPool-7 - Shutdown initiated...
2025-05-03 07:38:17,100 INFO c.z.h.HikariDataSource [restartedMain] HikariPool-7 - Shutdown completed.
2025-05-03 07:38:17,110 INFO o.s.b.a.l.ConditionEvaluationReportLogger [restartedMain] 

Error starting ApplicationContext. To display the condition evaluation report re-run your application with 'debug' enabled.
2025-05-03 07:38:43,104 INFO o.s.b.StartupInfoLogger [restartedMain] Starting LoginApplication using Java 21.0.7 with PID 16244 (C:\Users\JAM\OneDrive\Desktop\examcell\ExamCell\Backend\target\classes started by JAM in C:\Users\JAM\OneDrive\Desktop\examcell\ExamCell\Backend)
2025-05-03 07:38:43,105 INFO o.s.b.SpringApplication [restartedMain] No active profile set, falling back to 1 default profile: "default"
2025-05-03 07:38:43,484 INFO o.s.d.r.c.RepositoryConfigurationDelegate [restartedMain] Bootstrapping Spring Data JPA repositories in DEFAULT mode.
2025-05-03 07:38:43,503 INFO o.s.d.r.c.RepositoryConfigurationDelegate [restartedMain] Finished Spring Data repository scanning in 16 ms. Found 2 JPA repository interfaces.
2025-05-03 07:38:43,656 INFO o.s.b.w.e.t.TomcatWebServer [restartedMain] Tomcat initialized with port 8080 (http)
2025-05-03 07:38:43,659 INFO o.a.j.l.DirectJDKLog [restartedMain] Initializing ProtocolHandler ["http-nio-8080"]
2025-05-03 07:38:43,659 INFO o.a.j.l.DirectJDKLog [restartedMain] Starting service [Tomcat]
2025-05-03 07:38:43,660 INFO o.a.j.l.DirectJDKLog [restartedMain] Starting Servlet engine: [Apache Tomcat/10.1.19]
2025-05-03 07:38:43,689 INFO o.a.j.l.DirectJDKLog [restartedMain] Initializing Spring embedded WebApplicationContext
2025-05-03 07:38:43,690 INFO o.s.b.w.s.c.ServletWebServerApplicationContext [restartedMain] Root WebApplicationContext: initialization completed in 583 ms
2025-05-03 07:38:43,751 INFO c.z.h.HikariDataSource [restartedMain] HikariPool-8 - Starting...
2025-05-03 07:38:43,755 INFO c.z.h.p.HikariPool [restartedMain] HikariPool-8 - Added connection conn52: url=jdbc:h2:mem:22d00865-ac45-43fd-8a33-8311815bae6f user=SA
2025-05-03 07:38:43,755 INFO c.z.h.HikariDataSource [restartedMain] HikariPool-8 - Start completed.
2025-05-03 07:38:43,756 INFO o.s.b.a.h.H2ConsoleAutoConfiguration [restartedMain] H2 console available at '/h2-console'. Database available at 'jdbc:h2:mem:22d00865-ac45-43fd-8a33-8311815bae6f'
2025-05-03 07:38:43,785 INFO o.a.j.l.DirectJDKLog [restartedMain] Stopping service [Tomcat]
2025-05-03 07:38:43,788 INFO c.z.h.HikariDataSource [restartedMain] HikariPool-8 - Shutdown initiated...
2025-05-03 07:38:43,789 INFO c.z.h.HikariDataSource [restartedMain] HikariPool-8 - Shutdown completed.
2025-05-03 07:38:43,793 INFO o.s.b.a.l.ConditionEvaluationReportLogger [restartedMain] 

Error starting ApplicationContext. To display the condition evaluation report re-run your application with 'debug' enabled.
2025-05-03 07:39:11,318 INFO o.s.b.StartupInfoLogger [restartedMain] Starting LoginApplication using Java 21.0.7 with PID 16244 (C:\Users\JAM\OneDrive\Desktop\examcell\ExamCell\Backend\target\classes started by JAM in C:\Users\JAM\OneDrive\Desktop\examcell\ExamCell\Backend)
2025-05-03 07:39:11,319 INFO o.s.b.SpringApplication [restartedMain] No active profile set, falling back to 1 default profile: "default"
2025-05-03 07:39:11,628 INFO o.s.d.r.c.RepositoryConfigurationDelegate [restartedMain] Bootstrapping Spring Data JPA repositories in DEFAULT mode.
2025-05-03 07:39:11,643 INFO o.s.d.r.c.RepositoryConfigurationDelegate [restartedMain] Finished Spring Data repository scanning in 13 ms. Found 2 JPA repository interfaces.
2025-05-03 07:39:11,784 INFO o.s.b.w.e.t.TomcatWebServer [restartedMain] Tomcat initialized with port 8080 (http)
2025-05-03 07:39:11,787 INFO o.a.j.l.DirectJDKLog [restartedMain] Initializing ProtocolHandler ["http-nio-8080"]
2025-05-03 07:39:11,787 INFO o.a.j.l.DirectJDKLog [restartedMain] Starting service [Tomcat]
2025-05-03 07:39:11,788 INFO o.a.j.l.DirectJDKLog [restartedMain] Starting Servlet engine: [Apache Tomcat/10.1.19]
2025-05-03 07:39:11,814 INFO o.a.j.l.DirectJDKLog [restartedMain] Initializing Spring embedded WebApplicationContext
2025-05-03 07:39:11,814 INFO o.s.b.w.s.c.ServletWebServerApplicationContext [restartedMain] Root WebApplicationContext: initialization completed in 492 ms
2025-05-03 07:39:11,881 INFO c.z.h.HikariDataSource [restartedMain] HikariPool-9 - Starting...
2025-05-03 07:39:11,884 INFO c.z.h.p.HikariPool [restartedMain] HikariPool-9 - Added connection conn53: url=jdbc:h2:mem:3b14c62f-768a-43a2-81ed-91c7848a9ef0 user=SA
2025-05-03 07:39:11,885 INFO c.z.h.HikariDataSource [restartedMain] HikariPool-9 - Start completed.
2025-05-03 07:39:11,886 INFO o.s.b.a.h.H2ConsoleAutoConfiguration [restartedMain] H2 console available at '/h2-console'. Database available at 'jdbc:h2:mem:3b14c62f-768a-43a2-81ed-91c7848a9ef0'
2025-05-03 07:39:11,930 INFO o.a.j.l.DirectJDKLog [restartedMain] Stopping service [Tomcat]
2025-05-03 07:39:11,933 INFO c.z.h.HikariDataSource [restartedMain] HikariPool-9 - Shutdown initiated...
2025-05-03 07:39:11,934 INFO c.z.h.HikariDataSource [restartedMain] HikariPool-9 - Shutdown completed.
2025-05-03 07:39:11,937 INFO o.s.b.a.l.ConditionEvaluationReportLogger [restartedMain] 

Error starting ApplicationContext. To display the condition evaluation report re-run your application with 'debug' enabled.
2025-05-03 07:39:42,287 INFO o.s.b.StartupInfoLogger [restartedMain] Starting LoginApplication using Java 21.0.7 with PID 16244 (C:\Users\JAM\OneDrive\Desktop\examcell\ExamCell\Backend\target\classes started by JAM in C:\Users\JAM\OneDrive\Desktop\examcell\ExamCell\Backend)
2025-05-03 07:39:42,288 INFO o.s.b.SpringApplication [restartedMain] No active profile set, falling back to 1 default profile: "default"
2025-05-03 07:39:42,584 INFO o.s.d.r.c.RepositoryConfigurationDelegate [restartedMain] Bootstrapping Spring Data JPA repositories in DEFAULT mode.
2025-05-03 07:39:42,597 INFO o.s.d.r.c.RepositoryConfigurationDelegate [restartedMain] Finished Spring Data repository scanning in 11 ms. Found 2 JPA repository interfaces.
2025-05-03 07:39:42,756 INFO o.s.b.w.e.t.TomcatWebServer [restartedMain] Tomcat initialized with port 8080 (http)
2025-05-03 07:39:42,758 INFO o.a.j.l.DirectJDKLog [restartedMain] Initializing ProtocolHandler ["http-nio-8080"]
2025-05-03 07:39:42,759 INFO o.a.j.l.DirectJDKLog [restartedMain] Starting service [Tomcat]
2025-05-03 07:39:42,759 INFO o.a.j.l.DirectJDKLog [restartedMain] Starting Servlet engine: [Apache Tomcat/10.1.19]
2025-05-03 07:39:42,806 INFO o.a.j.l.DirectJDKLog [restartedMain] Initializing Spring embedded WebApplicationContext
2025-05-03 07:39:42,807 INFO o.s.b.w.s.c.ServletWebServerApplicationContext [restartedMain] Root WebApplicationContext: initialization completed in 516 ms
2025-05-03 07:39:42,875 INFO c.z.h.HikariDataSource [restartedMain] HikariPool-10 - Starting...
2025-05-03 07:39:44,324 INFO o.a.j.l.DirectJDKLog [restartedMain] Stopping service [Tomcat]
2025-05-03 07:39:44,330 INFO o.s.b.a.l.ConditionEvaluationReportLogger [restartedMain] 

Error starting ApplicationContext. To display the condition evaluation report re-run your application with 'debug' enabled.
2025-05-03 07:40:10,530 INFO o.s.b.StartupInfoLogger [restartedMain] Starting LoginApplication using Java 21.0.7 with PID 16244 (C:\Users\JAM\OneDrive\Desktop\examcell\ExamCell\Backend\target\classes started by JAM in C:\Users\JAM\OneDrive\Desktop\examcell\ExamCell\Backend)
2025-05-03 07:40:10,531 INFO o.s.b.SpringApplication [restartedMain] No active profile set, falling back to 1 default profile: "default"
2025-05-03 07:40:10,870 INFO o.s.d.r.c.RepositoryConfigurationDelegate [restartedMain] Bootstrapping Spring Data JPA repositories in DEFAULT mode.
2025-05-03 07:40:10,887 INFO o.s.d.r.c.RepositoryConfigurationDelegate [restartedMain] Finished Spring Data repository scanning in 15 ms. Found 2 JPA repository interfaces.
2025-05-03 07:40:11,058 INFO o.s.b.w.e.t.TomcatWebServer [restartedMain] Tomcat initialized with port 8080 (http)
2025-05-03 07:40:11,060 INFO o.a.j.l.DirectJDKLog [restartedMain] Initializing ProtocolHandler ["http-nio-8080"]
2025-05-03 07:40:11,061 INFO o.a.j.l.DirectJDKLog [restartedMain] Starting service [Tomcat]
2025-05-03 07:40:11,061 INFO o.a.j.l.DirectJDKLog [restartedMain] Starting Servlet engine: [Apache Tomcat/10.1.19]
2025-05-03 07:40:11,091 INFO o.a.j.l.DirectJDKLog [restartedMain] Initializing Spring embedded WebApplicationContext
2025-05-03 07:40:11,092 INFO o.s.b.w.s.c.ServletWebServerApplicationContext [restartedMain] Root WebApplicationContext: initialization completed in 559 ms
2025-05-03 07:40:11,168 INFO c.z.h.HikariDataSource [restartedMain] HikariPool-11 - Starting...
2025-05-03 07:40:11,172 INFO c.z.h.p.HikariPool [restartedMain] HikariPool-11 - Added connection conn54: url=jdbc:h2:mem:3df285c8-e39f-4b32-871e-0e72130b212d user=SA
2025-05-03 07:40:11,173 INFO c.z.h.HikariDataSource [restartedMain] HikariPool-11 - Start completed.
2025-05-03 07:40:11,173 INFO o.s.b.a.h.H2ConsoleAutoConfiguration [restartedMain] H2 console available at '/h2-console'. Database available at 'jdbc:h2:mem:3df285c8-e39f-4b32-871e-0e72130b212d'
2025-05-03 07:40:11,207 INFO o.a.j.l.DirectJDKLog [restartedMain] Stopping service [Tomcat]
2025-05-03 07:40:11,211 INFO c.z.h.HikariDataSource [restartedMain] HikariPool-11 - Shutdown initiated...
2025-05-03 07:40:11,212 INFO c.z.h.HikariDataSource [restartedMain] HikariPool-11 - Shutdown completed.
2025-05-03 07:40:11,216 INFO o.s.b.a.l.ConditionEvaluationReportLogger [restartedMain] 

Error starting ApplicationContext. To display the condition evaluation report re-run your application with 'debug' enabled.
